[0.013s] Invoking command in '/home/ahmedk/dev_ws/build/my_own_srv': CMAKE_PREFIX_PATH=${CMAKE_PREFIX_PATH}:/home/ahmedk/dev_ws/install/my_first_py:/opt/ros/humble /usr/bin/cmake --build /home/ahmedk/dev_ws/build/my_own_srv -- -j2 -l2
[0.037s] -- Found ament_cmake: 1.3.5 (/opt/ros/humble/share/ament_cmake/cmake)
[0.165s] -- Override CMake install command with custom implementation using symlinks instead of copying resources
[0.171s] -- Found std_msgs: 4.2.3 (/opt/ros/humble/share/std_msgs/cmake)
[0.195s] -- Found rosidl_generator_c: 3.1.5 (/opt/ros/humble/share/rosidl_generator_c/cmake)
[0.196s] -- Found rosidl_adapter: 3.1.5 (/opt/ros/humble/share/rosidl_adapter/cmake)
[0.202s] -- Found rosidl_generator_cpp: 3.1.5 (/opt/ros/humble/share/rosidl_generator_cpp/cmake)
[0.213s] -- Using all available rosidl_typesupport_c: rosidl_typesupport_fastrtps_c;rosidl_typesupport_introspection_c
[0.227s] -- Using all available rosidl_typesupport_cpp: rosidl_typesupport_fastrtps_cpp;rosidl_typesupport_introspection_cpp
[0.274s] -- Found rosidl_default_generators: 1.2.0 (/opt/ros/humble/share/rosidl_default_generators/cmake)
[0.441s] [31mCMake Error at /opt/ros/humble/share/rosidl_adapter/cmake/rosidl_adapt_interfaces.cmake:59 (message):
[0.441s]   execute_process(/usr/bin/python3.10 -m rosidl_adapter --package-name
[0.441s]   my_own_srv --arguments-file
[0.441s]   /home/ahmedk/dev_ws/build/my_own_srv/rosidl_adapter__arguments__my_own_srv.json
[0.442s]   --output-dir /home/ahmedk/dev_ws/build/my_own_srv/rosidl_adapter/my_own_srv
[0.442s]   --output-file
[0.442s]   /home/ahmedk/dev_ws/build/my_own_srv/rosidl_adapter/my_own_srv.idls)
[0.442s]   returned error code 1:
[0.442s] 
[0.442s]   Traceback (most recent call last):
[0.442s] 
[0.442s]     File "/usr/lib/python3.10/runpy.py", line 196, in _run_module_as_main
[0.442s]       return _run_code(code, main_globals, None,
[0.443s]     File "/usr/lib/python3.10/runpy.py", line 86, in _run_code
[0.443s]       exec(code, run_globals)
[0.443s]     File "/opt/ros/humble/local/lib/python3.10/dist-packages/rosidl_adapter/__main__.py", line 19, in <module>
[0.443s]       sys.exit(main())
[0.443s]     File "/opt/ros/humble/local/lib/python3.10/dist-packages/rosidl_adapter/main.py", line 53, in main
[0.443s]       abs_idl_file = convert_to_idl(
[0.443s]     File "/opt/ros/humble/local/lib/python3.10/dist-packages/rosidl_adapter/__init__.py", line 24, in convert_to_idl
[0.443s]       return convert_srv_to_idl(
[0.443s]     File "/opt/ros/humble/local/lib/python3.10/dist-packages/rosidl_adapter/srv/__init__.py", line 28, in convert_srv_to_idl
[0.443s]       srv = parse_service_string(package_name, input_file.stem, content)
[0.443s]     File "/opt/ros/humble/local/lib/python3.10/dist-packages/rosidl_adapter/parser.py", line 859, in parse_service_string
[0.443s]       request_message = parse_message_string(
[0.443s]     File "/opt/ros/humble/local/lib/python3.10/dist-packages/rosidl_adapter/parser.py", line 544, in parse_message_string
[0.443s]       msg = MessageSpecification(pkg_name, msg_name, fields, constants)
[0.443s]     File "/opt/ros/humble/local/lib/python3.10/dist-packages/rosidl_adapter/parser.py", line 388, in __init__
[0.443s]       self.base_type = BaseType(
[0.443s]     File "/opt/ros/humble/local/lib/python3.10/dist-packages/rosidl_adapter/parser.py", line 205, in __init__
[0.446s] -- Configuring incomplete, errors occurred!
[0.446s] See also "/home/ahmedk/dev_ws/build/my_own_srv/CMakeFiles/CMakeOutput.log".
[0.447s]       raise InvalidResourceName(
[0.447s] 
[0.447s]   rosidl_adapter.parser.InvalidResourceName: 'add_Request' is an invalid
[0.447s]   message name.  It should have the pattern '^[A-Z][A-Za-z0-9]*$'
[0.447s] 
[0.447s] Call Stack (most recent call first):
[0.447s]   /opt/ros/humble/share/rosidl_cmake/cmake/rosidl_generate_interfaces.cmake:130 (rosidl_adapt_interfaces)
[0.447s]   CMakeLists.txt:16 (rosidl_generate_interfaces)
[0.447s] 
[0.447s] [0m
[0.447s] gmake: *** [Makefile:226: cmake_check_build_system] Error 1
[0.448s] Invoked command in '/home/ahmedk/dev_ws/build/my_own_srv' returned '2': CMAKE_PREFIX_PATH=${CMAKE_PREFIX_PATH}:/home/ahmedk/dev_ws/install/my_first_py:/opt/ros/humble /usr/bin/cmake --build /home/ahmedk/dev_ws/build/my_own_srv -- -j2 -l2
